Symlinking /Users/amoralesma/Documents/UN/robotica/labs/labrob-4/px_ws/devel/include/dynamixel_sdk_examples/SyncSetPosition.h
Symlinking /Users/amoralesma/Documents/UN/robotica/labs/labrob-4/px_ws/devel/include/dynamixel_sdk_examples/GetPositionResponse.h
Symlinking /Users/amoralesma/Documents/UN/robotica/labs/labrob-4/px_ws/devel/include/dynamixel_sdk_examples/BulkGetItemRequest.h
Symlinking /Users/amoralesma/Documents/UN/robotica/labs/labrob-4/px_ws/devel/include/dynamixel_sdk_examples/SetPosition.h
Symlinking /Users/amoralesma/Documents/UN/robotica/labs/labrob-4/px_ws/devel/include/dynamixel_sdk_examples/BulkGetItemResponse.h
Symlinking /Users/amoralesma/Documents/UN/robotica/labs/labrob-4/px_ws/devel/include/dynamixel_sdk_examples/GetPositionRequest.h
Symlinking /Users/amoralesma/Documents/UN/robotica/labs/labrob-4/px_ws/devel/include/dynamixel_sdk_examples/BulkSetItem.h
Symlinking /Users/amoralesma/Documents/UN/robotica/labs/labrob-4/px_ws/devel/include/dynamixel_sdk_examples/BulkGetItem.h
Symlinking /Users/amoralesma/Documents/UN/robotica/labs/labrob-4/px_ws/devel/include/dynamixel_sdk_examples/SyncGetPositionResponse.h
Symlinking /Users/amoralesma/Documents/UN/robotica/labs/labrob-4/px_ws/devel/include/dynamixel_sdk_examples/SyncGetPositionRequest.h
Symlinking /Users/amoralesma/Documents/UN/robotica/labs/labrob-4/px_ws/devel/include/dynamixel_sdk_examples/GetPosition.h
Symlinking /Users/amoralesma/Documents/UN/robotica/labs/labrob-4/px_ws/devel/include/dynamixel_sdk_examples/SyncGetPosition.h
Symlinking /Users/amoralesma/Documents/UN/robotica/labs/labrob-4/px_ws/devel/lib/pkgconfig/dynamixel_sdk_examples.pc
Symlinking /Users/amoralesma/Documents/UN/robotica/labs/labrob-4/px_ws/devel/lib/dynamixel_sdk_examples/indirect_address_node
Symlinking /Users/amoralesma/Documents/UN/robotica/labs/labrob-4/px_ws/devel/lib/dynamixel_sdk_examples/read_write_node
Symlinking /Users/amoralesma/Documents/UN/robotica/labs/labrob-4/px_ws/devel/lib/dynamixel_sdk_examples/sync_read_write_node
Symlinking /Users/amoralesma/Documents/UN/robotica/labs/labrob-4/px_ws/devel/lib/dynamixel_sdk_examples/bulk_read_write_node
Symlinking /Users/amoralesma/Documents/UN/robotica/labs/labrob-4/px_ws/devel/lib/python3.9/site-packages/dynamixel_sdk_examples/__init__.py
Symlinking /Users/amoralesma/Documents/UN/robotica/labs/labrob-4/px_ws/devel/lib/python3.9/site-packages/dynamixel_sdk_examples/msg/_BulkSetItem.py
Symlinking /Users/amoralesma/Documents/UN/robotica/labs/labrob-4/px_ws/devel/lib/python3.9/site-packages/dynamixel_sdk_examples/msg/_SetPosition.py
Symlinking /Users/amoralesma/Documents/UN/robotica/labs/labrob-4/px_ws/devel/lib/python3.9/site-packages/dynamixel_sdk_examples/msg/_SyncSetPosition.py
Symlinking /Users/amoralesma/Documents/UN/robotica/labs/labrob-4/px_ws/devel/lib/python3.9/site-packages/dynamixel_sdk_examples/msg/__init__.py
Symlinking /Users/amoralesma/Documents/UN/robotica/labs/labrob-4/px_ws/devel/lib/python3.9/site-packages/dynamixel_sdk_examples/srv/_GetPosition.py
Symlinking /Users/amoralesma/Documents/UN/robotica/labs/labrob-4/px_ws/devel/lib/python3.9/site-packages/dynamixel_sdk_examples/srv/_SyncGetPosition.py
Symlinking /Users/amoralesma/Documents/UN/robotica/labs/labrob-4/px_ws/devel/lib/python3.9/site-packages/dynamixel_sdk_examples/srv/_BulkGetItem.py
Symlinking /Users/amoralesma/Documents/UN/robotica/labs/labrob-4/px_ws/devel/lib/python3.9/site-packages/dynamixel_sdk_examples/srv/__init__.py
Symlinking /Users/amoralesma/Documents/UN/robotica/labs/labrob-4/px_ws/devel/share/dynamixel_sdk_examples/cmake/dynamixel_sdk_examples-msg-paths.cmake
Symlinking /Users/amoralesma/Documents/UN/robotica/labs/labrob-4/px_ws/devel/share/dynamixel_sdk_examples/cmake/dynamixel_sdk_examplesConfig-version.cmake
Symlinking /Users/amoralesma/Documents/UN/robotica/labs/labrob-4/px_ws/devel/share/dynamixel_sdk_examples/cmake/dynamixel_sdk_examplesConfig.cmake
Symlinking /Users/amoralesma/Documents/UN/robotica/labs/labrob-4/px_ws/devel/share/dynamixel_sdk_examples/cmake/dynamixel_sdk_examples-msg-extras.cmake
Symlinking /Users/amoralesma/Documents/UN/robotica/labs/labrob-4/px_ws/devel/share/roseus/ros/dynamixel_sdk_examples/manifest.l
Symlinking /Users/amoralesma/Documents/UN/robotica/labs/labrob-4/px_ws/devel/share/roseus/ros/dynamixel_sdk_examples/msg/BulkSetItem.l
Symlinking /Users/amoralesma/Documents/UN/robotica/labs/labrob-4/px_ws/devel/share/roseus/ros/dynamixel_sdk_examples/msg/SyncSetPosition.l
Symlinking /Users/amoralesma/Documents/UN/robotica/labs/labrob-4/px_ws/devel/share/roseus/ros/dynamixel_sdk_examples/msg/SetPosition.l
Symlinking /Users/amoralesma/Documents/UN/robotica/labs/labrob-4/px_ws/devel/share/roseus/ros/dynamixel_sdk_examples/srv/BulkGetItem.l
Symlinking /Users/amoralesma/Documents/UN/robotica/labs/labrob-4/px_ws/devel/share/roseus/ros/dynamixel_sdk_examples/srv/GetPosition.l
Symlinking /Users/amoralesma/Documents/UN/robotica/labs/labrob-4/px_ws/devel/share/roseus/ros/dynamixel_sdk_examples/srv/SyncGetPosition.l
Symlinking /Users/amoralesma/Documents/UN/robotica/labs/labrob-4/px_ws/devel/share/common-lisp/ros/dynamixel_sdk_examples/msg/_package_SyncSetPosition.lisp
Symlinking /Users/amoralesma/Documents/UN/robotica/labs/labrob-4/px_ws/devel/share/common-lisp/ros/dynamixel_sdk_examples/msg/_package_SetPosition.lisp
Symlinking /Users/amoralesma/Documents/UN/robotica/labs/labrob-4/px_ws/devel/share/common-lisp/ros/dynamixel_sdk_examples/msg/_package_BulkSetItem.lisp
Symlinking /Users/amoralesma/Documents/UN/robotica/labs/labrob-4/px_ws/devel/share/common-lisp/ros/dynamixel_sdk_examples/msg/SyncSetPosition.lisp
Symlinking /Users/amoralesma/Documents/UN/robotica/labs/labrob-4/px_ws/devel/share/common-lisp/ros/dynamixel_sdk_examples/msg/_package.lisp
Symlinking /Users/amoralesma/Documents/UN/robotica/labs/labrob-4/px_ws/devel/share/common-lisp/ros/dynamixel_sdk_examples/msg/BulkSetItem.lisp
Symlinking /Users/amoralesma/Documents/UN/robotica/labs/labrob-4/px_ws/devel/share/common-lisp/ros/dynamixel_sdk_examples/msg/SetPosition.lisp
Symlinking /Users/amoralesma/Documents/UN/robotica/labs/labrob-4/px_ws/devel/share/common-lisp/ros/dynamixel_sdk_examples/msg/dynamixel_sdk_examples-msg.asd
Symlinking /Users/amoralesma/Documents/UN/robotica/labs/labrob-4/px_ws/devel/share/common-lisp/ros/dynamixel_sdk_examples/srv/_package_BulkGetItem.lisp
Symlinking /Users/amoralesma/Documents/UN/robotica/labs/labrob-4/px_ws/devel/share/common-lisp/ros/dynamixel_sdk_examples/srv/GetPosition.lisp
Symlinking /Users/amoralesma/Documents/UN/robotica/labs/labrob-4/px_ws/devel/share/common-lisp/ros/dynamixel_sdk_examples/srv/_package.lisp
Symlinking /Users/amoralesma/Documents/UN/robotica/labs/labrob-4/px_ws/devel/share/common-lisp/ros/dynamixel_sdk_examples/srv/dynamixel_sdk_examples-srv.asd
Symlinking /Users/amoralesma/Documents/UN/robotica/labs/labrob-4/px_ws/devel/share/common-lisp/ros/dynamixel_sdk_examples/srv/SyncGetPosition.lisp
Symlinking /Users/amoralesma/Documents/UN/robotica/labs/labrob-4/px_ws/devel/share/common-lisp/ros/dynamixel_sdk_examples/srv/_package_SyncGetPosition.lisp
Symlinking /Users/amoralesma/Documents/UN/robotica/labs/labrob-4/px_ws/devel/share/common-lisp/ros/dynamixel_sdk_examples/srv/_package_GetPosition.lisp
Symlinking /Users/amoralesma/Documents/UN/robotica/labs/labrob-4/px_ws/devel/share/common-lisp/ros/dynamixel_sdk_examples/srv/BulkGetItem.lisp
Symlinking /Users/amoralesma/Documents/UN/robotica/labs/labrob-4/px_ws/devel/share/gennodejs/ros/dynamixel_sdk_examples/_index.js
Symlinking /Users/amoralesma/Documents/UN/robotica/labs/labrob-4/px_ws/devel/share/gennodejs/ros/dynamixel_sdk_examples/msg/_index.js
Symlinking /Users/amoralesma/Documents/UN/robotica/labs/labrob-4/px_ws/devel/share/gennodejs/ros/dynamixel_sdk_examples/msg/SetPosition.js
Symlinking /Users/amoralesma/Documents/UN/robotica/labs/labrob-4/px_ws/devel/share/gennodejs/ros/dynamixel_sdk_examples/msg/SyncSetPosition.js
Symlinking /Users/amoralesma/Documents/UN/robotica/labs/labrob-4/px_ws/devel/share/gennodejs/ros/dynamixel_sdk_examples/msg/BulkSetItem.js
Symlinking /Users/amoralesma/Documents/UN/robotica/labs/labrob-4/px_ws/devel/share/gennodejs/ros/dynamixel_sdk_examples/srv/_index.js
Symlinking /Users/amoralesma/Documents/UN/robotica/labs/labrob-4/px_ws/devel/share/gennodejs/ros/dynamixel_sdk_examples/srv/GetPosition.js
Symlinking /Users/amoralesma/Documents/UN/robotica/labs/labrob-4/px_ws/devel/share/gennodejs/ros/dynamixel_sdk_examples/srv/SyncGetPosition.js
Symlinking /Users/amoralesma/Documents/UN/robotica/labs/labrob-4/px_ws/devel/share/gennodejs/ros/dynamixel_sdk_examples/srv/BulkGetItem.js
