Not searching for unused variables given on the command line.
[0mCMake Deprecation Warning at CMakeLists.txt:4 (cmake_minimum_required):
  Compatibility with CMake < 2.8.12 will be removed from a future version of
  CMake.

  Update the VERSION argument <min> value or use a ...<max> suffix to tell
  CMake that the project does not need compatibility with older versions.

[0m
[36m--[0m The C compiler identification is Clang 14.0.6
[36m--[0m The CXX compiler identification is Clang 14.0.6
[36m--[0m Detecting C compiler ABI info
[36m--[0m Detecting C compiler ABI info - done
[36m--[0m Check for working C compiler: /usr/local/Caskroom/miniforge/base/envs/ros-noetic-tools/bin/x86_64-apple-darwin13.4.0-clang - skipped
[36m--[0m Detecting C compile features
[36m--[0m Detecting C compile features - done
[36m--[0m Detecting CXX compiler ABI info
[36m--[0m Detecting CXX compiler ABI info - done
[36m--[0m Check for working CXX compiler: /usr/local/Caskroom/miniforge/base/envs/ros-noetic-tools/bin/x86_64-apple-darwin13.4.0-clang++ - skipped
[36m--[0m Detecting CXX compile features
[36m--[0m Detecting CXX compile features - done
[36m--[0m Using CATKIN_DEVEL_PREFIX: /Users/amoralesma/Documents/UN/robotica/labs/labrob-4/px_ws/devel/.private/dynamixel_sdk
[36m--[0m Using CMAKE_PREFIX_PATH: /Users/amoralesma/Documents/UN/robotica/labs/labrob-4/px_ws/devel;/usr/local/Caskroom/miniforge/base/envs/ros-noetic-tools
[36m--[0m This workspace overlays: /Users/amoralesma/Documents/UN/robotica/labs/labrob-4/px_ws/devel;/usr/local/Caskroom/miniforge/base/envs/ros-noetic-tools
[36m--[0m Found PythonInterp: /usr/local/Caskroom/miniforge/base/envs/ros-noetic-tools/bin/python3.9 (found suitable version "3.9.15", minimum required is "3.9")
[36m--[0m Using PYTHON_EXECUTABLE: /usr/local/Caskroom/miniforge/base/envs/ros-noetic-tools/bin/python3.9
[36m--[0m Using default Python package layout
[36m--[0m Found PY_em: /usr/local/Caskroom/miniforge/base/envs/ros-noetic-tools/lib/python3.9/site-packages/em.py
[36m--[0m Using empy: /usr/local/Caskroom/miniforge/base/envs/ros-noetic-tools/lib/python3.9/site-packages/em.py
[36m--[0m Using CATKIN_ENABLE_TESTING: ON
[36m--[0m Call enable_testing()
[36m--[0m Using CATKIN_TEST_RESULTS_DIR: /Users/amoralesma/Documents/UN/robotica/labs/labrob-4/px_ws/build/dynamixel_sdk/test_results
[36m--[0m Found gtest: gtests will be built
[36m--[0m Using Python nosetests: /usr/local/Caskroom/miniforge/base/envs/ros-noetic-tools/bin/nosetests-3.9
[36m--[0m catkin 0.8.10
[36m--[0m BUILD_SHARED_LIBS is on
[36m--[0m Installing devel-space wrapper /Users/amoralesma/Documents/UN/robotica/labs/labrob-4/px_ws/src/dynamixel_sdk/src/dynamixel_sdk/group_bulk_read.py to /Users/amoralesma/Documents/UN/robotica/labs/labrob-4/px_ws/devel/.private/dynamixel_sdk/lib/dynamixel_sdk
[36m--[0m Installing devel-space wrapper /Users/amoralesma/Documents/UN/robotica/labs/labrob-4/px_ws/src/dynamixel_sdk/src/dynamixel_sdk/group_bulk_write.py to /Users/amoralesma/Documents/UN/robotica/labs/labrob-4/px_ws/devel/.private/dynamixel_sdk/lib/dynamixel_sdk
[36m--[0m Installing devel-space wrapper /Users/amoralesma/Documents/UN/robotica/labs/labrob-4/px_ws/src/dynamixel_sdk/src/dynamixel_sdk/group_sync_read.py to /Users/amoralesma/Documents/UN/robotica/labs/labrob-4/px_ws/devel/.private/dynamixel_sdk/lib/dynamixel_sdk
[36m--[0m Installing devel-space wrapper /Users/amoralesma/Documents/UN/robotica/labs/labrob-4/px_ws/src/dynamixel_sdk/src/dynamixel_sdk/group_sync_write.py to /Users/amoralesma/Documents/UN/robotica/labs/labrob-4/px_ws/devel/.private/dynamixel_sdk/lib/dynamixel_sdk
[36m--[0m Installing devel-space wrapper /Users/amoralesma/Documents/UN/robotica/labs/labrob-4/px_ws/src/dynamixel_sdk/src/dynamixel_sdk/packet_handler.py to /Users/amoralesma/Documents/UN/robotica/labs/labrob-4/px_ws/devel/.private/dynamixel_sdk/lib/dynamixel_sdk
[36m--[0m Installing devel-space wrapper /Users/amoralesma/Documents/UN/robotica/labs/labrob-4/px_ws/src/dynamixel_sdk/src/dynamixel_sdk/port_handler.py to /Users/amoralesma/Documents/UN/robotica/labs/labrob-4/px_ws/devel/.private/dynamixel_sdk/lib/dynamixel_sdk
[36m--[0m Installing devel-space wrapper /Users/amoralesma/Documents/UN/robotica/labs/labrob-4/px_ws/src/dynamixel_sdk/src/dynamixel_sdk/protocol1_packet_handler.py to /Users/amoralesma/Documents/UN/robotica/labs/labrob-4/px_ws/devel/.private/dynamixel_sdk/lib/dynamixel_sdk
[36m--[0m Installing devel-space wrapper /Users/amoralesma/Documents/UN/robotica/labs/labrob-4/px_ws/src/dynamixel_sdk/src/dynamixel_sdk/protocol2_packet_handler.py to /Users/amoralesma/Documents/UN/robotica/labs/labrob-4/px_ws/devel/.private/dynamixel_sdk/lib/dynamixel_sdk
[36m--[0m Installing devel-space wrapper /Users/amoralesma/Documents/UN/robotica/labs/labrob-4/px_ws/src/dynamixel_sdk/src/dynamixel_sdk/robotis_def.py to /Users/amoralesma/Documents/UN/robotica/labs/labrob-4/px_ws/devel/.private/dynamixel_sdk/lib/dynamixel_sdk
[36m--[0m Configuring done
[33mCMake Warning (dev):
  Policy CMP0042 is not set: MACOSX_RPATH is enabled by default.  Run "cmake
  --help-policy CMP0042" for policy details.  Use the cmake_policy command to
  set the policy and suppress this warning.

  MACOSX_RPATH is not specified for the following targets:

   dynamixel_sdk

This warning is for project developers.  Use -Wno-dev to suppress it.
[0m
[36m--[0m Generating done
[36m--[0m Build files have been written to: /Users/amoralesma/Documents/UN/robotica/labs/labrob-4/px_ws/build/dynamixel_sdk
